app/build/intermediates/manifest_merge_blame_file/debug/manifest-merger-blame-debug-report.txt
1<?xml version="1.0" encoding="utf-8"?>
2<manifest xmlns:android="http://schemas.android.com/apk/res/android"
3    package="com.givalimer.aajaj"
4    android:versionCode="1"
5    android:versionName="1.0" >
6
7    <uses-sdk
8        android:minSdkVersion="24"
9        android:targetSdkVersion="34" />
10
11    <uses-permission android:name="android.permission.INTERNET" />
11-->src/main/AndroidManifest.xml:4:5-67
11-->src/main/AndroidManifest.xml:4:22-64
12    <uses-permission android:name="android.permission.ACCESS_NETWORK_STATE" />
12-->src/main/AndroidManifest.xml:5:5-79
12-->src/main/AndroidManifest.xml:5:22-76
13    <uses-permission
13-->src/main/AndroidManifest.xml:6:5-7:38
14        android:name="android.permission.WRITE_EXTERNAL_STORAGE"
14-->src/main/AndroidManifest.xml:6:22-78
15        android:maxSdkVersion="28" />
15-->src/main/AndroidManifest.xml:7:9-35
16
17    <permission
17-->[androidx.core:core:1.12.0] AndroidManifest.xml:22:5-24:47
18        android:name="com.givalimer.aajaj.DYNAMIC_RECEIVER_NOT_EXPORTED_PERMISSION"
18-->[androidx.core:core:1.12.0] AndroidManifest.xml:23:9-81
19        android:protectionLevel="signature" />
19-->[androidx.core:core:1.12.0] AndroidManifest.xml:24:9-44
20
21    <uses-permission android:name="com.givalimer.aajaj.DYNAMIC_RECEIVER_NOT_EXPORTED_PERMISSION" />
21-->[androidx.core:core:1.12.0] AndroidManifest.xml:26:5-97
21-->[androidx.core:core:1.12.0] AndroidManifest.xml:26:22-94
22
23    <application
23-->src/main/AndroidManifest.xml:9:5-35:19
24        android:allowBackup="true"
24-->src/main/AndroidManifest.xml:10:9-35
25        android:appComponentFactory="androidx.core.app.CoreComponentFactory"
25-->[androidx.core:core:1.12.0] AndroidManifest.xml:28:18-86
26        android:debuggable="true"
27        android:extractNativeLibs="false"
28        android:label="@string/app_name"
28-->src/main/AndroidManifest.xml:11:9-41
29        android:supportsRtl="true"
29-->src/main/AndroidManifest.xml:13:9-35
30        android:theme="@style/Theme.AiArt" >
30-->src/main/AndroidManifest.xml:12:9-43
31        <provider
32            android:name="androidx.core.content.FileProvider"
32-->src/main/AndroidManifest.xml:16:13-62
33            android:authorities="com.givalimer.aajaj.fileprovider"
33-->src/main/AndroidManifest.xml:17:13-64
34            android:exported="false"
34-->src/main/AndroidManifest.xml:18:13-37
35            android:grantUriPermissions="true" >
35-->src/main/AndroidManifest.xml:19:13-47
36            <meta-data
36-->src/main/AndroidManifest.xml:20:13-22:54
37                android:name="android.support.FILE_PROVIDER_PATHS"
37-->src/main/AndroidManifest.xml:21:17-67
38                android:resource="@xml/file_paths" />
38-->src/main/AndroidManifest.xml:22:17-51
39        </provider>
40
41        <activity
41-->src/main/AndroidManifest.xml:25:9-34:20
42            android:name="com.givalimer.aajaj.MainActivity"
42-->src/main/AndroidManifest.xml:26:13-41
43            android:exported="true"
43-->src/main/AndroidManifest.xml:27:13-36
44            android:screenOrientation="portrait"
44-->src/main/AndroidManifest.xml:28:13-49
45            android:windowSoftInputMode="adjustResize" >
45-->src/main/AndroidManifest.xml:29:13-55
46            <intent-filter>
46-->src/main/AndroidManifest.xml:30:13-33:29
47                <action android:name="android.intent.action.MAIN" />
47-->src/main/AndroidManifest.xml:31:17-69
47-->src/main/AndroidManifest.xml:31:25-66
48
49                <category android:name="android.intent.category.LAUNCHER" />
49-->src/main/AndroidManifest.xml:32:17-77
49-->src/main/AndroidManifest.xml:32:27-74
50            </intent-filter>
51        </activity>
52
53        <provider
53-->[androidx.emoji2:emoji2:1.2.0] AndroidManifest.xml:24:9-32:20
54            android:name="androidx.startup.InitializationProvider"
54-->[androidx.emoji2:emoji2:1.2.0] AndroidManifest.xml:25:13-67
55            android:authorities="com.givalimer.aajaj.androidx-startup"
55-->[androidx.emoji2:emoji2:1.2.0] AndroidManifest.xml:26:13-68
56            android:exported="false" >
56-->[androidx.emoji2:emoji2:1.2.0] AndroidManifest.xml:27:13-37
57            <meta-data
57-->[androidx.emoji2:emoji2:1.2.0] AndroidManifest.xml:29:13-31:52
58                android:name="androidx.emoji2.text.EmojiCompatInitializer"
58-->[androidx.emoji2:emoji2:1.2.0] AndroidManifest.xml:30:17-75
59                android:value="androidx.startup" />
59-->[androidx.emoji2:emoji2:1.2.0] AndroidManifest.xml:31:17-49
60            <meta-data
60-->[androidx.lifecycle:lifecycle-process:2.7.0] AndroidManifest.xml:29:13-31:52
61                android:name="androidx.lifecycle.ProcessLifecycleInitializer"
61-->[androidx.lifecycle:lifecycle-process:2.7.0] AndroidManifest.xml:30:17-78
62                android:value="androidx.startup" />
62-->[androidx.lifecycle:lifecycle-process:2.7.0] AndroidManifest.xml:31:17-49
63            <meta-data
63-->[androidx.profileinstaller:profileinstaller:1.3.0] AndroidManifest.xml:29:13-31:52
64                android:name="androidx.profileinstaller.ProfileInstallerInitializer"
64-->[androidx.profileinstaller:profileinstaller:1.3.0] AndroidManifest.xml:30:17-85
65                android:value="androidx.startup" />
65-->[androidx.profileinstaller:profileinstaller:1.3.0] AndroidManifest.xml:31:17-49
66        </provider>
67
68        <receiver
68-->[androidx.profileinstaller:profileinstaller:1.3.0] AndroidManifest.xml:34:9-52:20
69            android:name="androidx.profileinstaller.ProfileInstallReceiver"
69-->[androidx.profileinstaller:profileinstaller:1.3.0] AndroidManifest.xml:35:13-76
70            android:directBootAware="false"
70-->[androidx.profileinstaller:profileinstaller:1.3.0] AndroidManifest.xml:36:13-44
71            android:enabled="true"
71-->[androidx.profileinstaller:profileinstaller:1.3.0] AndroidManifest.xml:37:13-35
72            android:exported="true"
72-->[androidx.profileinstaller:profileinstaller:1.3.0] AndroidManifest.xml:38:13-36
73            android:permission="android.permission.DUMP" >
73-->[androidx.profileinstaller:profileinstaller:1.3.0] AndroidManifest.xml:39:13-57
74            <intent-filter>
74-->[androidx.profileinstaller:profileinstaller:1.3.0] AndroidManifest.xml:40:13-42:29
75                <action android:name="androidx.profileinstaller.action.INSTALL_PROFILE" />
75-->[androidx.profileinstaller:profileinstaller:1.3.0] AndroidManifest.xml:41:17-91
75-->[androidx.profileinstaller:profileinstaller:1.3.0] AndroidManifest.xml:41:25-88
76            </intent-filter>
77            <intent-filter>
77-->[androidx.profileinstaller:profileinstaller:1.3.0] AndroidManifest.xml:43:13-45:29
78                <action android:name="androidx.profileinstaller.action.SKIP_FILE" />
78-->[androidx.profileinstaller:profileinstaller:1.3.0] AndroidManifest.xml:44:17-85
78-->[androidx.profileinstaller:profileinstaller:1.3.0] AndroidManifest.xml:44:25-82
79            </intent-filter>
80            <intent-filter>
80-->[androidx.profileinstaller:profileinstaller:1.3.0] AndroidManifest.xml:46:13-48:29
81                <action android:name="androidx.profileinstaller.action.SAVE_PROFILE" />
81-->[androidx.profileinstaller:profileinstaller:1.3.0] AndroidManifest.xml:47:17-88
81-->[androidx.profileinstaller:profileinstaller:1.3.0] AndroidManifest.xml:47:25-85
82            </intent-filter>
83            <intent-filter>
83-->[androidx.profileinstaller:profileinstaller:1.3.0] AndroidManifest.xml:49:13-51:29
84                <action android:name="androidx.profileinstaller.action.BENCHMARK_OPERATION" />
84-->[androidx.profileinstaller:profileinstaller:1.3.0] AndroidManifest.xml:50:17-95
84-->[androidx.profileinstaller:profileinstaller:1.3.0] AndroidManifest.xml:50:25-92
85            </intent-filter>
86        </receiver>
87    </application>
88
89</manifest>